Performing Curl Test HAVE_FCNTL_O_NONBLOCK failed with the following output:
Change Dir: 'F:/project/cppLarryWilliamsTrade/external/curl-7.82.0/out/build/x64-Debug/CMakeFiles/CMakeTmp'

Run Build Command(s): "D:/Program Files/Microsoft Visual Studio/2022/Community/Common7/IDE/CommonExtensions/Microsoft/CMake/Ninja/ninja.exe" -v cmTC_9f21b
[1/2] D:\PROGRA~1\MICROS~1\2022\COMMUN~1\VC\Tools\MSVC\1443~1.348\bin\Hostx64\x64\cl.exe  /nologo   /DWIN32 /D_WINDOWS -DHAVE_FCNTL_O_NONBLOCK  -DHAVE_WINDOWS_H -DHAVE_WS2TCPIP_H -DHAVE_WINSOCK2_H -DHAVE_WINCRYPT_H -DHAVE_STDIO_H -DHAVE_SYS_STAT_H -DHAVE_SYS_TYPES_H -DHAVE_SYS_UTIME_H -DHAVE_ASSERT_H -DHAVE_ERRNO_H -DHAVE_FCNTL_H -DHAVE_IO_H -DHAVE_LOCALE_H -DHAVE_SETJMP_H -DHAVE_SIGNAL_H -DHAVE_STDBOOL_H -DHAVE_STDIO_H -DHAVE_STDLIB_H -DHAVE_STRING_H -DHAVE_TIME_H -DHAVE_PROCESS_H -DHAVE_STDDEF_H -DHAVE_MALLOC_H -DHAVE_MEMORY_H /Zi /Ob0 /Od /RTC1 -MDd /showIncludes /FoCMakeFiles\cmTC_9f21b.dir\CurlTests.c.obj /FdCMakeFiles\cmTC_9f21b.dir\ /FS -c F:\project\cppLarryWilliamsTrade\external\curl-7.82.0\CMake\CurlTests.c
FAILED: CMakeFiles/cmTC_9f21b.dir/CurlTests.c.obj 
D:\PROGRA~1\MICROS~1\2022\COMMUN~1\VC\Tools\MSVC\1443~1.348\bin\Hostx64\x64\cl.exe  /nologo   /DWIN32 /D_WINDOWS -DHAVE_FCNTL_O_NONBLOCK  -DHAVE_WINDOWS_H -DHAVE_WS2TCPIP_H -DHAVE_WINSOCK2_H -DHAVE_WINCRYPT_H -DHAVE_STDIO_H -DHAVE_SYS_STAT_H -DHAVE_SYS_TYPES_H -DHAVE_SYS_UTIME_H -DHAVE_ASSERT_H -DHAVE_ERRNO_H -DHAVE_FCNTL_H -DHAVE_IO_H -DHAVE_LOCALE_H -DHAVE_SETJMP_H -DHAVE_SIGNAL_H -DHAVE_STDBOOL_H -DHAVE_STDIO_H -DHAVE_STDLIB_H -DHAVE_STRING_H -DHAVE_TIME_H -DHAVE_PROCESS_H -DHAVE_STDDEF_H -DHAVE_MALLOC_H -DHAVE_MEMORY_H /Zi /Ob0 /Od /RTC1 -MDd /showIncludes /FoCMakeFiles\cmTC_9f21b.dir\CurlTests.c.obj /FdCMakeFiles\cmTC_9f21b.dir\ /FS -c F:\project\cppLarryWilliamsTrade\external\curl-7.82.0\CMake\CurlTests.c
F:\project\cppLarryWilliamsTrade\external\curl-7.82.0\CMake\CurlTests.c(44): fatal error C1083: 无法打开包括文件: “unistd.h”: No such file or directory
ninja: build stopped: subcommand failed.


Performing Curl Test HAVE_IOCTLSOCKET_CAMEL failed with the following output:
Change Dir: 'F:/project/cppLarryWilliamsTrade/external/curl-7.82.0/out/build/x64-Debug/CMakeFiles/CMakeTmp'

Run Build Command(s): "D:/Program Files/Microsoft Visual Studio/2022/Community/Common7/IDE/CommonExtensions/Microsoft/CMake/Ninja/ninja.exe" -v cmTC_32b0c
[1/2] D:\PROGRA~1\MICROS~1\2022\COMMUN~1\VC\Tools\MSVC\1443~1.348\bin\Hostx64\x64\cl.exe  /nologo   /DWIN32 /D_WINDOWS -DHAVE_IOCTLSOCKET_CAMEL  -DHAVE_WINDOWS_H -DHAVE_WS2TCPIP_H -DHAVE_WINSOCK2_H -DHAVE_WINCRYPT_H -DHAVE_STDIO_H -DHAVE_SYS_STAT_H -DHAVE_SYS_TYPES_H -DHAVE_SYS_UTIME_H -DHAVE_ASSERT_H -DHAVE_ERRNO_H -DHAVE_FCNTL_H -DHAVE_IO_H -DHAVE_LOCALE_H -DHAVE_SETJMP_H -DHAVE_SIGNAL_H -DHAVE_STDBOOL_H -DHAVE_STDIO_H -DHAVE_STDLIB_H -DHAVE_STRING_H -DHAVE_TIME_H -DHAVE_PROCESS_H -DHAVE_STDDEF_H -DHAVE_MALLOC_H -DHAVE_MEMORY_H /Zi /Ob0 /Od /RTC1 -MDd /showIncludes /FoCMakeFiles\cmTC_32b0c.dir\CurlTests.c.obj /FdCMakeFiles\cmTC_32b0c.dir\ /FS -c F:\project\cppLarryWilliamsTrade\external\curl-7.82.0\CMake\CurlTests.c
[2/2] C:\Windows\system32\cmd.exe /C "cd . && "D:\Program Files\Microsoft Visual Studio\2022\Community\Common7\IDE\CommonExtensions\Microsoft\CMake\CMake\bin\cmake.exe" -E vs_link_exe --intdir=CMakeFiles\cmTC_32b0c.dir --rc="C:\PROGRA~2\Windows Kits\10\bin\10.0.26100.0\x64\rc.exe" --mt="C:\PROGRA~2\Windows Kits\10\bin\10.0.26100.0\x64\mt.exe" --manifests  -- D:\PROGRA~1\MICROS~1\2022\COMMUN~1\VC\Tools\MSVC\1443~1.348\bin\Hostx64\x64\link.exe /nologo CMakeFiles\cmTC_32b0c.dir\CurlTests.c.obj  /out:cmTC_32b0c.exe /implib:cmTC_32b0c.lib /pdb:cmTC_32b0c.pdb /version:0.0 /machine:x64  /debug /INCREMENTAL /subsystem:console  ws2_32.lib  kernel32.lib user32.lib gdi32.lib winspool.lib shell32.lib ole32.lib oleaut32.lib uuid.lib comdlg32.lib advapi32.lib && cd ."
FAILED: cmTC_32b0c.exe 
C:\Windows\system32\cmd.exe /C "cd . && "D:\Program Files\Microsoft Visual Studio\2022\Community\Common7\IDE\CommonExtensions\Microsoft\CMake\CMake\bin\cmake.exe" -E vs_link_exe --intdir=CMakeFiles\cmTC_32b0c.dir --rc="C:\PROGRA~2\Windows Kits\10\bin\10.0.26100.0\x64\rc.exe" --mt="C:\PROGRA~2\Windows Kits\10\bin\10.0.26100.0\x64\mt.exe" --manifests  -- D:\PROGRA~1\MICROS~1\2022\COMMUN~1\VC\Tools\MSVC\1443~1.348\bin\Hostx64\x64\link.exe /nologo CMakeFiles\cmTC_32b0c.dir\CurlTests.c.obj  /out:cmTC_32b0c.exe /implib:cmTC_32b0c.lib /pdb:cmTC_32b0c.pdb /version:0.0 /machine:x64  /debug /INCREMENTAL /subsystem:console  ws2_32.lib  kernel32.lib user32.lib gdi32.lib winspool.lib shell32.lib ole32.lib oleaut32.lib uuid.lib comdlg32.lib advapi32.lib && cd ."
LINK Pass 1: command "D:\PROGRA~1\MICROS~1\2022\COMMUN~1\VC\Tools\MSVC\1443~1.348\bin\Hostx64\x64\link.exe /nologo CMakeFiles\cmTC_32b0c.dir\CurlTests.c.obj /out:cmTC_32b0c.exe /implib:cmTC_32b0c.lib /pdb:cmTC_32b0c.pdb /version:0.0 /machine:x64 /debug /INCREMENTAL /subsystem:console ws2_32.lib kernel32.lib user32.lib gdi32.lib winspool.lib shell32.lib ole32.lib oleaut32.lib uuid.lib comdlg32.lib advapi32.lib /MANIFEST /MANIFESTFILE:CMakeFiles\cmTC_32b0c.dir/intermediate.manifest CMakeFiles\cmTC_32b0c.dir/manifest.res" failed (exit code 1120) with the following output:
CurlTests.c.obj : error LNK2019: 无法解析的外部符号 IoctlSocket，函数 main 中引用了该符号
cmTC_32b0c.exe : fatal error LNK1120: 1 个无法解析的外部命令
ninja: build stopped: subcommand failed.


Performing Curl Test HAVE_IOCTLSOCKET_CAMEL_FIONBIO failed with the following output:
Change Dir: 'F:/project/cppLarryWilliamsTrade/external/curl-7.82.0/out/build/x64-Debug/CMakeFiles/CMakeTmp'

Run Build Command(s): "D:/Program Files/Microsoft Visual Studio/2022/Community/Common7/IDE/CommonExtensions/Microsoft/CMake/Ninja/ninja.exe" -v cmTC_94bf1
[1/2] D:\PROGRA~1\MICROS~1\2022\COMMUN~1\VC\Tools\MSVC\1443~1.348\bin\Hostx64\x64\cl.exe  /nologo   /DWIN32 /D_WINDOWS -DHAVE_IOCTLSOCKET_CAMEL_FIONBIO  -DHAVE_WINDOWS_H -DHAVE_WS2TCPIP_H -DHAVE_WINSOCK2_H -DHAVE_WINCRYPT_H -DHAVE_STDIO_H -DHAVE_SYS_STAT_H -DHAVE_SYS_TYPES_H -DHAVE_SYS_UTIME_H -DHAVE_ASSERT_H -DHAVE_ERRNO_H -DHAVE_FCNTL_H -DHAVE_IO_H -DHAVE_LOCALE_H -DHAVE_SETJMP_H -DHAVE_SIGNAL_H -DHAVE_STDBOOL_H -DHAVE_STDIO_H -DHAVE_STDLIB_H -DHAVE_STRING_H -DHAVE_TIME_H -DHAVE_PROCESS_H -DHAVE_STDDEF_H -DHAVE_MALLOC_H -DHAVE_MEMORY_H /Zi /Ob0 /Od /RTC1 -MDd /showIncludes /FoCMakeFiles\cmTC_94bf1.dir\CurlTests.c.obj /FdCMakeFiles\cmTC_94bf1.dir\ /FS -c F:\project\cppLarryWilliamsTrade\external\curl-7.82.0\CMake\CurlTests.c
[2/2] C:\Windows\system32\cmd.exe /C "cd . && "D:\Program Files\Microsoft Visual Studio\2022\Community\Common7\IDE\CommonExtensions\Microsoft\CMake\CMake\bin\cmake.exe" -E vs_link_exe --intdir=CMakeFiles\cmTC_94bf1.dir --rc="C:\PROGRA~2\Windows Kits\10\bin\10.0.26100.0\x64\rc.exe" --mt="C:\PROGRA~2\Windows Kits\10\bin\10.0.26100.0\x64\mt.exe" --manifests  -- D:\PROGRA~1\MICROS~1\2022\COMMUN~1\VC\Tools\MSVC\1443~1.348\bin\Hostx64\x64\link.exe /nologo CMakeFiles\cmTC_94bf1.dir\CurlTests.c.obj  /out:cmTC_94bf1.exe /implib:cmTC_94bf1.lib /pdb:cmTC_94bf1.pdb /version:0.0 /machine:x64  /debug /INCREMENTAL /subsystem:console  ws2_32.lib  kernel32.lib user32.lib gdi32.lib winspool.lib shell32.lib ole32.lib oleaut32.lib uuid.lib comdlg32.lib advapi32.lib && cd ."
FAILED: cmTC_94bf1.exe 
C:\Windows\system32\cmd.exe /C "cd . && "D:\Program Files\Microsoft Visual Studio\2022\Community\Common7\IDE\CommonExtensions\Microsoft\CMake\CMake\bin\cmake.exe" -E vs_link_exe --intdir=CMakeFiles\cmTC_94bf1.dir --rc="C:\PROGRA~2\Windows Kits\10\bin\10.0.26100.0\x64\rc.exe" --mt="C:\PROGRA~2\Windows Kits\10\bin\10.0.26100.0\x64\mt.exe" --manifests  -- D:\PROGRA~1\MICROS~1\2022\COMMUN~1\VC\Tools\MSVC\1443~1.348\bin\Hostx64\x64\link.exe /nologo CMakeFiles\cmTC_94bf1.dir\CurlTests.c.obj  /out:cmTC_94bf1.exe /implib:cmTC_94bf1.lib /pdb:cmTC_94bf1.pdb /version:0.0 /machine:x64  /debug /INCREMENTAL /subsystem:console  ws2_32.lib  kernel32.lib user32.lib gdi32.lib winspool.lib shell32.lib ole32.lib oleaut32.lib uuid.lib comdlg32.lib advapi32.lib && cd ."
LINK Pass 1: command "D:\PROGRA~1\MICROS~1\2022\COMMUN~1\VC\Tools\MSVC\1443~1.348\bin\Hostx64\x64\link.exe /nologo CMakeFiles\cmTC_94bf1.dir\CurlTests.c.obj /out:cmTC_94bf1.exe /implib:cmTC_94bf1.lib /pdb:cmTC_94bf1.pdb /version:0.0 /machine:x64 /debug /INCREMENTAL /subsystem:console ws2_32.lib kernel32.lib user32.lib gdi32.lib winspool.lib shell32.lib ole32.lib oleaut32.lib uuid.lib comdlg32.lib advapi32.lib /MANIFEST /MANIFESTFILE:CMakeFiles\cmTC_94bf1.dir/intermediate.manifest CMakeFiles\cmTC_94bf1.dir/manifest.res" failed (exit code 1120) with the following output:
CurlTests.c.obj : error LNK2019: 无法解析的外部符号 IoctlSocket，函数 main 中引用了该符号
cmTC_94bf1.exe : fatal error LNK1120: 1 个无法解析的外部命令
ninja: build stopped: subcommand failed.


Performing Curl Test HAVE_IOCTL_FIONBIO failed with the following output:
Change Dir: 'F:/project/cppLarryWilliamsTrade/external/curl-7.82.0/out/build/x64-Debug/CMakeFiles/CMakeTmp'

Run Build Command(s): "D:/Program Files/Microsoft Visual Studio/2022/Community/Common7/IDE/CommonExtensions/Microsoft/CMake/Ninja/ninja.exe" -v cmTC_6c520
[1/2] D:\PROGRA~1\MICROS~1\2022\COMMUN~1\VC\Tools\MSVC\1443~1.348\bin\Hostx64\x64\cl.exe  /nologo   /DWIN32 /D_WINDOWS -DHAVE_IOCTL_FIONBIO  -DHAVE_WINDOWS_H -DHAVE_WS2TCPIP_H -DHAVE_WINSOCK2_H -DHAVE_WINCRYPT_H -DHAVE_STDIO_H -DHAVE_SYS_STAT_H -DHAVE_SYS_TYPES_H -DHAVE_SYS_UTIME_H -DHAVE_ASSERT_H -DHAVE_ERRNO_H -DHAVE_FCNTL_H -DHAVE_IO_H -DHAVE_LOCALE_H -DHAVE_SETJMP_H -DHAVE_SIGNAL_H -DHAVE_STDBOOL_H -DHAVE_STDIO_H -DHAVE_STDLIB_H -DHAVE_STRING_H -DHAVE_TIME_H -DHAVE_PROCESS_H -DHAVE_STDDEF_H -DHAVE_MALLOC_H -DHAVE_MEMORY_H /Zi /Ob0 /Od /RTC1 -MDd /showIncludes /FoCMakeFiles\cmTC_6c520.dir\CurlTests.c.obj /FdCMakeFiles\cmTC_6c520.dir\ /FS -c F:\project\cppLarryWilliamsTrade\external\curl-7.82.0\CMake\CurlTests.c
FAILED: CMakeFiles/cmTC_6c520.dir/CurlTests.c.obj 
D:\PROGRA~1\MICROS~1\2022\COMMUN~1\VC\Tools\MSVC\1443~1.348\bin\Hostx64\x64\cl.exe  /nologo   /DWIN32 /D_WINDOWS -DHAVE_IOCTL_FIONBIO  -DHAVE_WINDOWS_H -DHAVE_WS2TCPIP_H -DHAVE_WINSOCK2_H -DHAVE_WINCRYPT_H -DHAVE_STDIO_H -DHAVE_SYS_STAT_H -DHAVE_SYS_TYPES_H -DHAVE_SYS_UTIME_H -DHAVE_ASSERT_H -DHAVE_ERRNO_H -DHAVE_FCNTL_H -DHAVE_IO_H -DHAVE_LOCALE_H -DHAVE_SETJMP_H -DHAVE_SIGNAL_H -DHAVE_STDBOOL_H -DHAVE_STDIO_H -DHAVE_STDLIB_H -DHAVE_STRING_H -DHAVE_TIME_H -DHAVE_PROCESS_H -DHAVE_STDDEF_H -DHAVE_MALLOC_H -DHAVE_MEMORY_H /Zi /Ob0 /Od /RTC1 -MDd /showIncludes /FoCMakeFiles\cmTC_6c520.dir\CurlTests.c.obj /FdCMakeFiles\cmTC_6c520.dir\ /FS -c F:\project\cppLarryWilliamsTrade\external\curl-7.82.0\CMake\CurlTests.c
F:\project\cppLarryWilliamsTrade\external\curl-7.82.0\CMake\CurlTests.c(343): error C2065: “FIONBIO”: 未声明的标识符
ninja: build stopped: subcommand failed.


Performing Curl Test HAVE_IOCTL_SIOCGIFADDR failed with the following output:
Change Dir: 'F:/project/cppLarryWilliamsTrade/external/curl-7.82.0/out/build/x64-Debug/CMakeFiles/CMakeTmp'

Run Build Command(s): "D:/Program Files/Microsoft Visual Studio/2022/Community/Common7/IDE/CommonExtensions/Microsoft/CMake/Ninja/ninja.exe" -v cmTC_2745e
[1/2] D:\PROGRA~1\MICROS~1\2022\COMMUN~1\VC\Tools\MSVC\1443~1.348\bin\Hostx64\x64\cl.exe  /nologo   /DWIN32 /D_WINDOWS -DHAVE_IOCTL_SIOCGIFADDR  -DHAVE_WINDOWS_H -DHAVE_WS2TCPIP_H -DHAVE_WINSOCK2_H -DHAVE_WINCRYPT_H -DHAVE_STDIO_H -DHAVE_SYS_STAT_H -DHAVE_SYS_TYPES_H -DHAVE_SYS_UTIME_H -DHAVE_ASSERT_H -DHAVE_ERRNO_H -DHAVE_FCNTL_H -DHAVE_IO_H -DHAVE_LOCALE_H -DHAVE_SETJMP_H -DHAVE_SIGNAL_H -DHAVE_STDBOOL_H -DHAVE_STDIO_H -DHAVE_STDLIB_H -DHAVE_STRING_H -DHAVE_TIME_H -DHAVE_PROCESS_H -DHAVE_STDDEF_H -DHAVE_MALLOC_H -DHAVE_MEMORY_H /Zi /Ob0 /Od /RTC1 -MDd /showIncludes /FoCMakeFiles\cmTC_2745e.dir\CurlTests.c.obj /FdCMakeFiles\cmTC_2745e.dir\ /FS -c F:\project\cppLarryWilliamsTrade\external\curl-7.82.0\CMake\CurlTests.c
FAILED: CMakeFiles/cmTC_2745e.dir/CurlTests.c.obj 
D:\PROGRA~1\MICROS~1\2022\COMMUN~1\VC\Tools\MSVC\1443~1.348\bin\Hostx64\x64\cl.exe  /nologo   /DWIN32 /D_WINDOWS -DHAVE_IOCTL_SIOCGIFADDR  -DHAVE_WINDOWS_H -DHAVE_WS2TCPIP_H -DHAVE_WINSOCK2_H -DHAVE_WINCRYPT_H -DHAVE_STDIO_H -DHAVE_SYS_STAT_H -DHAVE_SYS_TYPES_H -DHAVE_SYS_UTIME_H -DHAVE_ASSERT_H -DHAVE_ERRNO_H -DHAVE_FCNTL_H -DHAVE_IO_H -DHAVE_LOCALE_H -DHAVE_SETJMP_H -DHAVE_SIGNAL_H -DHAVE_STDBOOL_H -DHAVE_STDIO_H -DHAVE_STDLIB_H -DHAVE_STRING_H -DHAVE_TIME_H -DHAVE_PROCESS_H -DHAVE_STDDEF_H -DHAVE_MALLOC_H -DHAVE_MEMORY_H /Zi /Ob0 /Od /RTC1 -MDd /showIncludes /FoCMakeFiles\cmTC_2745e.dir\CurlTests.c.obj /FdCMakeFiles\cmTC_2745e.dir\ /FS -c F:\project\cppLarryWilliamsTrade\external\curl-7.82.0\CMake\CurlTests.c
F:\project\cppLarryWilliamsTrade\external\curl-7.82.0\CMake\CurlTests.c(368): fatal error C1083: 无法打开包括文件: “net/if.h”: No such file or directory
ninja: build stopped: subcommand failed.


Performing Curl Test HAVE_SETSOCKOPT_SO_NONBLOCK failed with the following output:
Change Dir: 'F:/project/cppLarryWilliamsTrade/external/curl-7.82.0/out/build/x64-Debug/CMakeFiles/CMakeTmp'

Run Build Command(s): "D:/Program Files/Microsoft Visual Studio/2022/Community/Common7/IDE/CommonExtensions/Microsoft/CMake/Ninja/ninja.exe" -v cmTC_0a311
[1/2] D:\PROGRA~1\MICROS~1\2022\COMMUN~1\VC\Tools\MSVC\1443~1.348\bin\Hostx64\x64\cl.exe  /nologo   /DWIN32 /D_WINDOWS -DHAVE_SETSOCKOPT_SO_NONBLOCK  -DHAVE_WINDOWS_H -DHAVE_WS2TCPIP_H -DHAVE_WINSOCK2_H -DHAVE_WINCRYPT_H -DHAVE_STDIO_H -DHAVE_SYS_STAT_H -DHAVE_SYS_TYPES_H -DHAVE_SYS_UTIME_H -DHAVE_ASSERT_H -DHAVE_ERRNO_H -DHAVE_FCNTL_H -DHAVE_IO_H -DHAVE_LOCALE_H -DHAVE_SETJMP_H -DHAVE_SIGNAL_H -DHAVE_STDBOOL_H -DHAVE_STDIO_H -DHAVE_STDLIB_H -DHAVE_STRING_H -DHAVE_TIME_H -DHAVE_PROCESS_H -DHAVE_STDDEF_H -DHAVE_MALLOC_H -DHAVE_MEMORY_H /Zi /Ob0 /Od /RTC1 -MDd /showIncludes /FoCMakeFiles\cmTC_0a311.dir\CurlTests.c.obj /FdCMakeFiles\cmTC_0a311.dir\ /FS -c F:\project\cppLarryWilliamsTrade\external\curl-7.82.0\CMake\CurlTests.c
FAILED: CMakeFiles/cmTC_0a311.dir/CurlTests.c.obj 
D:\PROGRA~1\MICROS~1\2022\COMMUN~1\VC\Tools\MSVC\1443~1.348\bin\Hostx64\x64\cl.exe  /nologo   /DWIN32 /D_WINDOWS -DHAVE_SETSOCKOPT_SO_NONBLOCK  -DHAVE_WINDOWS_H -DHAVE_WS2TCPIP_H -DHAVE_WINSOCK2_H -DHAVE_WINCRYPT_H -DHAVE_STDIO_H -DHAVE_SYS_STAT_H -DHAVE_SYS_TYPES_H -DHAVE_SYS_UTIME_H -DHAVE_ASSERT_H -DHAVE_ERRNO_H -DHAVE_FCNTL_H -DHAVE_IO_H -DHAVE_LOCALE_H -DHAVE_SETJMP_H -DHAVE_SIGNAL_H -DHAVE_STDBOOL_H -DHAVE_STDIO_H -DHAVE_STDLIB_H -DHAVE_STRING_H -DHAVE_TIME_H -DHAVE_PROCESS_H -DHAVE_STDDEF_H -DHAVE_MALLOC_H -DHAVE_MEMORY_H /Zi /Ob0 /Od /RTC1 -MDd /showIncludes /FoCMakeFiles\cmTC_0a311.dir\CurlTests.c.obj /FdCMakeFiles\cmTC_0a311.dir\ /FS -c F:\project\cppLarryWilliamsTrade\external\curl-7.82.0\CMake\CurlTests.c
F:\project\cppLarryWilliamsTrade\external\curl-7.82.0\CMake\CurlTests.c(404): error C2065: “SO_NONBLOCK”: 未声明的标识符
ninja: build stopped: subcommand failed.


Performing Curl Test HAVE_SOCKADDR_IN6_SIN6_SCOPE_ID failed with the following output:
Change Dir: 'F:/project/cppLarryWilliamsTrade/external/curl-7.82.0/out/build/x64-Debug/CMakeFiles/CMakeTmp'

Run Build Command(s): "D:/Program Files/Microsoft Visual Studio/2022/Community/Common7/IDE/CommonExtensions/Microsoft/CMake/Ninja/ninja.exe" -v cmTC_c4591
[1/2] D:\PROGRA~1\MICROS~1\2022\COMMUN~1\VC\Tools\MSVC\1443~1.348\bin\Hostx64\x64\cl.exe  /nologo   /DWIN32 /D_WINDOWS -DHAVE_SOCKADDR_IN6_SIN6_SCOPE_ID  -DHAVE_WINDOWS_H -DHAVE_WS2TCPIP_H -DHAVE_WINSOCK2_H -DHAVE_WINCRYPT_H -DHAVE_STDIO_H -DHAVE_SYS_STAT_H -DHAVE_SYS_TYPES_H -DHAVE_SYS_UTIME_H -DHAVE_ASSERT_H -DHAVE_ERRNO_H -DHAVE_FCNTL_H -DHAVE_IO_H -DHAVE_LOCALE_H -DHAVE_SETJMP_H -DHAVE_SIGNAL_H -DHAVE_STDBOOL_H -DHAVE_STDIO_H -DHAVE_STDLIB_H -DHAVE_STRING_H -DHAVE_TIME_H -DHAVE_PROCESS_H -DHAVE_STDDEF_H -DHAVE_MALLOC_H -DHAVE_MEMORY_H /Zi /Ob0 /Od /RTC1 -MDd /showIncludes /FoCMakeFiles\cmTC_c4591.dir\CurlTests.c.obj /FdCMakeFiles\cmTC_c4591.dir\ /FS -c F:\project\cppLarryWilliamsTrade\external\curl-7.82.0\CMake\CurlTests.c
[2/2] C:\Windows\system32\cmd.exe /C "cd . && "D:\Program Files\Microsoft Visual Studio\2022\Community\Common7\IDE\CommonExtensions\Microsoft\CMake\CMake\bin\cmake.exe" -E vs_link_exe --intdir=CMakeFiles\cmTC_c4591.dir --rc="C:\PROGRA~2\Windows Kits\10\bin\10.0.26100.0\x64\rc.exe" --mt="C:\PROGRA~2\Windows Kits\10\bin\10.0.26100.0\x64\mt.exe" --manifests  -- D:\PROGRA~1\MICROS~1\2022\COMMUN~1\VC\Tools\MSVC\1443~1.348\bin\Hostx64\x64\link.exe /nologo CMakeFiles\cmTC_c4591.dir\CurlTests.c.obj  /out:cmTC_c4591.exe /implib:cmTC_c4591.lib /pdb:cmTC_c4591.pdb /version:0.0 /machine:x64  /debug /INCREMENTAL /subsystem:console  ws2_32.lib  kernel32.lib user32.lib gdi32.lib winspool.lib shell32.lib ole32.lib oleaut32.lib uuid.lib comdlg32.lib advapi32.lib && cd ."
FAILED: cmTC_c4591.exe 
C:\Windows\system32\cmd.exe /C "cd . && "D:\Program Files\Microsoft Visual Studio\2022\Community\Common7\IDE\CommonExtensions\Microsoft\CMake\CMake\bin\cmake.exe" -E vs_link_exe --intdir=CMakeFiles\cmTC_c4591.dir --rc="C:\PROGRA~2\Windows Kits\10\bin\10.0.26100.0\x64\rc.exe" --mt="C:\PROGRA~2\Windows Kits\10\bin\10.0.26100.0\x64\mt.exe" --manifests  -- D:\PROGRA~1\MICROS~1\2022\COMMUN~1\VC\Tools\MSVC\1443~1.348\bin\Hostx64\x64\link.exe /nologo CMakeFiles\cmTC_c4591.dir\CurlTests.c.obj  /out:cmTC_c4591.exe /implib:cmTC_c4591.lib /pdb:cmTC_c4591.pdb /version:0.0 /machine:x64  /debug /INCREMENTAL /subsystem:console  ws2_32.lib  kernel32.lib user32.lib gdi32.lib winspool.lib shell32.lib ole32.lib oleaut32.lib uuid.lib comdlg32.lib advapi32.lib && cd ."
LINK Pass 1: command "D:\PROGRA~1\MICROS~1\2022\COMMUN~1\VC\Tools\MSVC\1443~1.348\bin\Hostx64\x64\link.exe /nologo CMakeFiles\cmTC_c4591.dir\CurlTests.c.obj /out:cmTC_c4591.exe /implib:cmTC_c4591.lib /pdb:cmTC_c4591.pdb /version:0.0 /machine:x64 /debug /INCREMENTAL /subsystem:console ws2_32.lib kernel32.lib user32.lib gdi32.lib winspool.lib shell32.lib ole32.lib oleaut32.lib uuid.lib comdlg32.lib advapi32.lib /MANIFEST /MANIFESTFILE:CMakeFiles\cmTC_c4591.dir/intermediate.manifest CMakeFiles\cmTC_c4591.dir/manifest.res" failed (exit code 1120) with the following output:
MSVCRTD.lib(exe_main.obj) : error LNK2019: 无法解析的外部符号 main，函数 "int __cdecl invoke_main(void)" (?invoke_main@@YAHXZ) 中引用了该符号
cmTC_c4591.exe : fatal error LNK1120: 1 个无法解析的外部命令
ninja: build stopped: subcommand failed.


Performing Curl Test HAVE_FILE_OFFSET_BITS failed with the following output:
Change Dir: 'F:/project/cppLarryWilliamsTrade/external/curl-7.82.0/out/build/x64-Debug/CMakeFiles/CMakeTmp'

Run Build Command(s): "D:/Program Files/Microsoft Visual Studio/2022/Community/Common7/IDE/CommonExtensions/Microsoft/CMake/Ninja/ninja.exe" -v cmTC_74a05
[1/2] D:\PROGRA~1\MICROS~1\2022\COMMUN~1\VC\Tools\MSVC\1443~1.348\bin\Hostx64\x64\cl.exe  /nologo   /DWIN32 /D_WINDOWS -DHAVE_FILE_OFFSET_BITS  -DHAVE_WINDOWS_H -DHAVE_WS2TCPIP_H -DHAVE_WINSOCK2_H -DHAVE_WINCRYPT_H -DHAVE_STDIO_H -DHAVE_SYS_STAT_H -DHAVE_SYS_TYPES_H -DHAVE_SYS_UTIME_H -DHAVE_ASSERT_H -DHAVE_ERRNO_H -DHAVE_FCNTL_H -DHAVE_IO_H -DHAVE_LOCALE_H -DHAVE_SETJMP_H -DHAVE_SIGNAL_H -DHAVE_STDBOOL_H -DHAVE_STDIO_H -DHAVE_STDLIB_H -DHAVE_STRING_H -DHAVE_TIME_H -DHAVE_PROCESS_H -DHAVE_STDDEF_H -DHAVE_MALLOC_H -DHAVE_MEMORY_H /Zi /Ob0 /Od /RTC1 -MDd /showIncludes /FoCMakeFiles\cmTC_74a05.dir\CurlTests.c.obj /FdCMakeFiles\cmTC_74a05.dir\ /FS -c F:\project\cppLarryWilliamsTrade\external\curl-7.82.0\CMake\CurlTests.c
FAILED: CMakeFiles/cmTC_74a05.dir/CurlTests.c.obj 
D:\PROGRA~1\MICROS~1\2022\COMMUN~1\VC\Tools\MSVC\1443~1.348\bin\Hostx64\x64\cl.exe  /nologo   /DWIN32 /D_WINDOWS -DHAVE_FILE_OFFSET_BITS  -DHAVE_WINDOWS_H -DHAVE_WS2TCPIP_H -DHAVE_WINSOCK2_H -DHAVE_WINCRYPT_H -DHAVE_STDIO_H -DHAVE_SYS_STAT_H -DHAVE_SYS_TYPES_H -DHAVE_SYS_UTIME_H -DHAVE_ASSERT_H -DHAVE_ERRNO_H -DHAVE_FCNTL_H -DHAVE_IO_H -DHAVE_LOCALE_H -DHAVE_SETJMP_H -DHAVE_SIGNAL_H -DHAVE_STDBOOL_H -DHAVE_STDIO_H -DHAVE_STDLIB_H -DHAVE_STRING_H -DHAVE_TIME_H -DHAVE_PROCESS_H -DHAVE_STDDEF_H -DHAVE_MALLOC_H -DHAVE_MEMORY_H /Zi /Ob0 /Od /RTC1 -MDd /showIncludes /FoCMakeFiles\cmTC_74a05.dir\CurlTests.c.obj /FdCMakeFiles\cmTC_74a05.dir\ /FS -c F:\project\cppLarryWilliamsTrade\external\curl-7.82.0\CMake\CurlTests.c
F:\project\cppLarryWilliamsTrade\external\curl-7.82.0\CMake\CurlTests.c(218): warning C4293: “<<”: Shift 计数为负或过大，其行为未定义
F:\project\cppLarryWilliamsTrade\external\curl-7.82.0\CMake\CurlTests.c(219): warning C4293: “<<”: Shift 计数为负或过大，其行为未定义
F:\project\cppLarryWilliamsTrade\external\curl-7.82.0\CMake\CurlTests.c(218): error C2118: 负下标
ninja: build stopped: subcommand failed.


Performing Curl Test HAVE_VARIADIC_MACROS_GCC failed with the following output:
Change Dir: 'F:/project/cppLarryWilliamsTrade/external/curl-7.82.0/out/build/x64-Debug/CMakeFiles/CMakeTmp'

Run Build Command(s): "D:/Program Files/Microsoft Visual Studio/2022/Community/Common7/IDE/CommonExtensions/Microsoft/CMake/Ninja/ninja.exe" -v cmTC_60c71
[1/2] D:\PROGRA~1\MICROS~1\2022\COMMUN~1\VC\Tools\MSVC\1443~1.348\bin\Hostx64\x64\cl.exe  /nologo   /DWIN32 /D_WINDOWS -DHAVE_VARIADIC_MACROS_GCC  -DHAVE_WINDOWS_H -DHAVE_WS2TCPIP_H -DHAVE_WINSOCK2_H -DHAVE_WINCRYPT_H -DHAVE_STDIO_H -DHAVE_SYS_STAT_H -DHAVE_SYS_TYPES_H -DHAVE_SYS_UTIME_H -DHAVE_ASSERT_H -DHAVE_ERRNO_H -DHAVE_FCNTL_H -DHAVE_IO_H -DHAVE_LOCALE_H -DHAVE_SETJMP_H -DHAVE_SIGNAL_H -DHAVE_STDBOOL_H -DHAVE_STDIO_H -DHAVE_STDLIB_H -DHAVE_STRING_H -DHAVE_TIME_H -DHAVE_PROCESS_H -DHAVE_STDDEF_H -DHAVE_MALLOC_H -DHAVE_MEMORY_H /Zi /Ob0 /Od /RTC1 -MDd /showIncludes /FoCMakeFiles\cmTC_60c71.dir\CurlTests.c.obj /FdCMakeFiles\cmTC_60c71.dir\ /FS -c F:\project\cppLarryWilliamsTrade\external\curl-7.82.0\CMake\CurlTests.c
FAILED: CMakeFiles/cmTC_60c71.dir/CurlTests.c.obj 
D:\PROGRA~1\MICROS~1\2022\COMMUN~1\VC\Tools\MSVC\1443~1.348\bin\Hostx64\x64\cl.exe  /nologo   /DWIN32 /D_WINDOWS -DHAVE_VARIADIC_MACROS_GCC  -DHAVE_WINDOWS_H -DHAVE_WS2TCPIP_H -DHAVE_WINSOCK2_H -DHAVE_WINCRYPT_H -DHAVE_STDIO_H -DHAVE_SYS_STAT_H -DHAVE_SYS_TYPES_H -DHAVE_SYS_UTIME_H -DHAVE_ASSERT_H -DHAVE_ERRNO_H -DHAVE_FCNTL_H -DHAVE_IO_H -DHAVE_LOCALE_H -DHAVE_SETJMP_H -DHAVE_SIGNAL_H -DHAVE_STDBOOL_H -DHAVE_STDIO_H -DHAVE_STDLIB_H -DHAVE_STRING_H -DHAVE_TIME_H -DHAVE_PROCESS_H -DHAVE_STDDEF_H -DHAVE_MALLOC_H -DHAVE_MEMORY_H /Zi /Ob0 /Od /RTC1 -MDd /showIncludes /FoCMakeFiles\cmTC_60c71.dir\CurlTests.c.obj /FdCMakeFiles\cmTC_60c71.dir\ /FS -c F:\project\cppLarryWilliamsTrade\external\curl-7.82.0\CMake\CurlTests.c
F:\project\cppLarryWilliamsTrade\external\curl-7.82.0\CMake\CurlTests.c(495): error C2010: “.”: 宏参数表中的意外
F:\project\cppLarryWilliamsTrade\external\curl-7.82.0\CMake\CurlTests.c(496): error C2010: “.”: 宏参数表中的意外
ninja: build stopped: subcommand failed.


Performing Curl Test HAVE_GLIBC_STRERROR_R failed with the following output:
Change Dir: 'F:/project/cppLarryWilliamsTrade/external/curl-7.82.0/out/build/x64-Debug/CMakeFiles/CMakeTmp'

Run Build Command(s): "D:/Program Files/Microsoft Visual Studio/2022/Community/Common7/IDE/CommonExtensions/Microsoft/CMake/Ninja/ninja.exe" -v cmTC_f4fa7
[1/2] D:\PROGRA~1\MICROS~1\2022\COMMUN~1\VC\Tools\MSVC\1443~1.348\bin\Hostx64\x64\cl.exe  /nologo   /DWIN32 /D_WINDOWS -DHAVE_GLIBC_STRERROR_R  -DHAVE_WINDOWS_H -DHAVE_WS2TCPIP_H -DHAVE_WINSOCK2_H -DHAVE_WINCRYPT_H -DHAVE_STDIO_H -DHAVE_SYS_STAT_H -DHAVE_SYS_TYPES_H -DHAVE_SYS_UTIME_H -DHAVE_ASSERT_H -DHAVE_ERRNO_H -DHAVE_FCNTL_H -DHAVE_IO_H -DHAVE_LOCALE_H -DHAVE_SETJMP_H -DHAVE_SIGNAL_H -DHAVE_STDBOOL_H -DHAVE_STDIO_H -DHAVE_STDLIB_H -DHAVE_STRING_H -DHAVE_TIME_H -DHAVE_PROCESS_H -DHAVE_STDDEF_H -DHAVE_MALLOC_H -DHAVE_MEMORY_H /Zi /Ob0 /Od /RTC1 -MDd /showIncludes /FoCMakeFiles\cmTC_f4fa7.dir\CurlTests.c.obj /FdCMakeFiles\cmTC_f4fa7.dir\ /FS -c F:\project\cppLarryWilliamsTrade\external\curl-7.82.0\CMake\CurlTests.c
FAILED: CMakeFiles/cmTC_f4fa7.dir/CurlTests.c.obj 
D:\PROGRA~1\MICROS~1\2022\COMMUN~1\VC\Tools\MSVC\1443~1.348\bin\Hostx64\x64\cl.exe  /nologo   /DWIN32 /D_WINDOWS -DHAVE_GLIBC_STRERROR_R  -DHAVE_WINDOWS_H -DHAVE_WS2TCPIP_H -DHAVE_WINSOCK2_H -DHAVE_WINCRYPT_H -DHAVE_STDIO_H -DHAVE_SYS_STAT_H -DHAVE_SYS_TYPES_H -DHAVE_SYS_UTIME_H -DHAVE_ASSERT_H -DHAVE_ERRNO_H -DHAVE_FCNTL_H -DHAVE_IO_H -DHAVE_LOCALE_H -DHAVE_SETJMP_H -DHAVE_SIGNAL_H -DHAVE_STDBOOL_H -DHAVE_STDIO_H -DHAVE_STDLIB_H -DHAVE_STRING_H -DHAVE_TIME_H -DHAVE_PROCESS_H -DHAVE_STDDEF_H -DHAVE_MALLOC_H -DHAVE_MEMORY_H /Zi /Ob0 /Od /RTC1 -MDd /showIncludes /FoCMakeFiles\cmTC_f4fa7.dir\CurlTests.c.obj /FdCMakeFiles\cmTC_f4fa7.dir\ /FS -c F:\project\cppLarryWilliamsTrade\external\curl-7.82.0\CMake\CurlTests.c
F:\project\cppLarryWilliamsTrade\external\curl-7.82.0\CMake\CurlTests.c(420): error C2109: 下标要求数组或指针类型
F:\project\cppLarryWilliamsTrade\external\curl-7.82.0\CMake\CurlTests.c(420): error C2198: “void check(char)”: 用于调用的参数太少
ninja: build stopped: subcommand failed.


Performing Curl Test HAVE_POSIX_STRERROR_R failed with the following output:
Change Dir: 'F:/project/cppLarryWilliamsTrade/external/curl-7.82.0/out/build/x64-Debug/CMakeFiles/CMakeTmp'

Run Build Command(s): "D:/Program Files/Microsoft Visual Studio/2022/Community/Common7/IDE/CommonExtensions/Microsoft/CMake/Ninja/ninja.exe" -v cmTC_2fd89
[1/2] D:\PROGRA~1\MICROS~1\2022\COMMUN~1\VC\Tools\MSVC\1443~1.348\bin\Hostx64\x64\cl.exe  /nologo   /DWIN32 /D_WINDOWS -DHAVE_POSIX_STRERROR_R  -DHAVE_WINDOWS_H -DHAVE_WS2TCPIP_H -DHAVE_WINSOCK2_H -DHAVE_WINCRYPT_H -DHAVE_STDIO_H -DHAVE_SYS_STAT_H -DHAVE_SYS_TYPES_H -DHAVE_SYS_UTIME_H -DHAVE_ASSERT_H -DHAVE_ERRNO_H -DHAVE_FCNTL_H -DHAVE_IO_H -DHAVE_LOCALE_H -DHAVE_SETJMP_H -DHAVE_SIGNAL_H -DHAVE_STDBOOL_H -DHAVE_STDIO_H -DHAVE_STDLIB_H -DHAVE_STRING_H -DHAVE_TIME_H -DHAVE_PROCESS_H -DHAVE_STDDEF_H -DHAVE_MALLOC_H -DHAVE_MEMORY_H /Zi /Ob0 /Od /RTC1 -MDd /showIncludes /FoCMakeFiles\cmTC_2fd89.dir\CurlTests.c.obj /FdCMakeFiles\cmTC_2fd89.dir\ /FS -c F:\project\cppLarryWilliamsTrade\external\curl-7.82.0\CMake\CurlTests.c
[2/2] C:\Windows\system32\cmd.exe /C "cd . && "D:\Program Files\Microsoft Visual Studio\2022\Community\Common7\IDE\CommonExtensions\Microsoft\CMake\CMake\bin\cmake.exe" -E vs_link_exe --intdir=CMakeFiles\cmTC_2fd89.dir --rc="C:\PROGRA~2\Windows Kits\10\bin\10.0.26100.0\x64\rc.exe" --mt="C:\PROGRA~2\Windows Kits\10\bin\10.0.26100.0\x64\mt.exe" --manifests  -- D:\PROGRA~1\MICROS~1\2022\COMMUN~1\VC\Tools\MSVC\1443~1.348\bin\Hostx64\x64\link.exe /nologo CMakeFiles\cmTC_2fd89.dir\CurlTests.c.obj  /out:cmTC_2fd89.exe /implib:cmTC_2fd89.lib /pdb:cmTC_2fd89.pdb /version:0.0 /machine:x64  /debug /INCREMENTAL /subsystem:console  ws2_32.lib  kernel32.lib user32.lib gdi32.lib winspool.lib shell32.lib ole32.lib oleaut32.lib uuid.lib comdlg32.lib advapi32.lib && cd ."
FAILED: cmTC_2fd89.exe 
C:\Windows\system32\cmd.exe /C "cd . && "D:\Program Files\Microsoft Visual Studio\2022\Community\Common7\IDE\CommonExtensions\Microsoft\CMake\CMake\bin\cmake.exe" -E vs_link_exe --intdir=CMakeFiles\cmTC_2fd89.dir --rc="C:\PROGRA~2\Windows Kits\10\bin\10.0.26100.0\x64\rc.exe" --mt="C:\PROGRA~2\Windows Kits\10\bin\10.0.26100.0\x64\mt.exe" --manifests  -- D:\PROGRA~1\MICROS~1\2022\COMMUN~1\VC\Tools\MSVC\1443~1.348\bin\Hostx64\x64\link.exe /nologo CMakeFiles\cmTC_2fd89.dir\CurlTests.c.obj  /out:cmTC_2fd89.exe /implib:cmTC_2fd89.lib /pdb:cmTC_2fd89.pdb /version:0.0 /machine:x64  /debug /INCREMENTAL /subsystem:console  ws2_32.lib  kernel32.lib user32.lib gdi32.lib winspool.lib shell32.lib ole32.lib oleaut32.lib uuid.lib comdlg32.lib advapi32.lib && cd ."
LINK Pass 1: command "D:\PROGRA~1\MICROS~1\2022\COMMUN~1\VC\Tools\MSVC\1443~1.348\bin\Hostx64\x64\link.exe /nologo CMakeFiles\cmTC_2fd89.dir\CurlTests.c.obj /out:cmTC_2fd89.exe /implib:cmTC_2fd89.lib /pdb:cmTC_2fd89.pdb /version:0.0 /machine:x64 /debug /INCREMENTAL /subsystem:console ws2_32.lib kernel32.lib user32.lib gdi32.lib winspool.lib shell32.lib ole32.lib oleaut32.lib uuid.lib comdlg32.lib advapi32.lib /MANIFEST /MANIFESTFILE:CMakeFiles\cmTC_2fd89.dir/intermediate.manifest CMakeFiles\cmTC_2fd89.dir/manifest.res" failed (exit code 1120) with the following output:
CurlTests.c.obj : error LNK2019: 无法解析的外部符号 strerror_r，函数 main 中引用了该符号
cmTC_2fd89.exe : fatal error LNK1120: 1 个无法解析的外部命令
ninja: build stopped: subcommand failed.


Performing Curl Test HAVE_CLOCK_GETTIME_MONOTONIC failed with the following output:
Change Dir: 'F:/project/cppLarryWilliamsTrade/external/curl-7.82.0/out/build/x64-Debug/CMakeFiles/CMakeTmp'

Run Build Command(s): "D:/Program Files/Microsoft Visual Studio/2022/Community/Common7/IDE/CommonExtensions/Microsoft/CMake/Ninja/ninja.exe" -v cmTC_a6dd2
[1/2] D:\PROGRA~1\MICROS~1\2022\COMMUN~1\VC\Tools\MSVC\1443~1.348\bin\Hostx64\x64\cl.exe  /nologo   /DWIN32 /D_WINDOWS -DHAVE_CLOCK_GETTIME_MONOTONIC  -DHAVE_WINDOWS_H -DHAVE_WS2TCPIP_H -DHAVE_WINSOCK2_H -DHAVE_WINCRYPT_H -DHAVE_STDIO_H -DHAVE_SYS_STAT_H -DHAVE_SYS_TYPES_H -DHAVE_SYS_UTIME_H -DHAVE_ASSERT_H -DHAVE_ERRNO_H -DHAVE_FCNTL_H -DHAVE_IO_H -DHAVE_LOCALE_H -DHAVE_SETJMP_H -DHAVE_SIGNAL_H -DHAVE_STDBOOL_H -DHAVE_STDIO_H -DHAVE_STDLIB_H -DHAVE_STRING_H -DHAVE_TIME_H -DHAVE_PROCESS_H -DHAVE_STDDEF_H -DHAVE_MALLOC_H -DHAVE_MEMORY_H /Zi /Ob0 /Od /RTC1 -MDd /showIncludes /FoCMakeFiles\cmTC_a6dd2.dir\CurlTests.c.obj /FdCMakeFiles\cmTC_a6dd2.dir\ /FS -c F:\project\cppLarryWilliamsTrade\external\curl-7.82.0\CMake\CurlTests.c
FAILED: CMakeFiles/cmTC_a6dd2.dir/CurlTests.c.obj 
D:\PROGRA~1\MICROS~1\2022\COMMUN~1\VC\Tools\MSVC\1443~1.348\bin\Hostx64\x64\cl.exe  /nologo   /DWIN32 /D_WINDOWS -DHAVE_CLOCK_GETTIME_MONOTONIC  -DHAVE_WINDOWS_H -DHAVE_WS2TCPIP_H -DHAVE_WINSOCK2_H -DHAVE_WINCRYPT_H -DHAVE_STDIO_H -DHAVE_SYS_STAT_H -DHAVE_SYS_TYPES_H -DHAVE_SYS_UTIME_H -DHAVE_ASSERT_H -DHAVE_ERRNO_H -DHAVE_FCNTL_H -DHAVE_IO_H -DHAVE_LOCALE_H -DHAVE_SETJMP_H -DHAVE_SIGNAL_H -DHAVE_STDBOOL_H -DHAVE_STDIO_H -DHAVE_STDLIB_H -DHAVE_STRING_H -DHAVE_TIME_H -DHAVE_PROCESS_H -DHAVE_STDDEF_H -DHAVE_MALLOC_H -DHAVE_MEMORY_H /Zi /Ob0 /Od /RTC1 -MDd /showIncludes /FoCMakeFiles\cmTC_a6dd2.dir\CurlTests.c.obj /FdCMakeFiles\cmTC_a6dd2.dir\ /FS -c F:\project\cppLarryWilliamsTrade\external\curl-7.82.0\CMake\CurlTests.c
F:\project\cppLarryWilliamsTrade\external\curl-7.82.0\CMake\CurlTests.c(460): error C2065: “CLOCK_MONOTONIC”: 未声明的标识符
ninja: build stopped: subcommand failed.


Performing Curl Test HAVE_BUILTIN_AVAILABLE failed with the following output:
Change Dir: 'F:/project/cppLarryWilliamsTrade/external/curl-7.82.0/out/build/x64-Debug/CMakeFiles/CMakeTmp'

Run Build Command(s): "D:/Program Files/Microsoft Visual Studio/2022/Community/Common7/IDE/CommonExtensions/Microsoft/CMake/Ninja/ninja.exe" -v cmTC_d9c71
[1/2] D:\PROGRA~1\MICROS~1\2022\COMMUN~1\VC\Tools\MSVC\1443~1.348\bin\Hostx64\x64\cl.exe  /nologo   /DWIN32 /D_WINDOWS -DHAVE_BUILTIN_AVAILABLE  -DHAVE_WINDOWS_H -DHAVE_WS2TCPIP_H -DHAVE_WINSOCK2_H -DHAVE_WINCRYPT_H -DHAVE_STDIO_H -DHAVE_SYS_STAT_H -DHAVE_SYS_TYPES_H -DHAVE_SYS_UTIME_H -DHAVE_ASSERT_H -DHAVE_ERRNO_H -DHAVE_FCNTL_H -DHAVE_IO_H -DHAVE_LOCALE_H -DHAVE_SETJMP_H -DHAVE_SIGNAL_H -DHAVE_STDBOOL_H -DHAVE_STDIO_H -DHAVE_STDLIB_H -DHAVE_STRING_H -DHAVE_TIME_H -DHAVE_PROCESS_H -DHAVE_STDDEF_H -DHAVE_MALLOC_H -DHAVE_MEMORY_H /Zi /Ob0 /Od /RTC1 -MDd /showIncludes /FoCMakeFiles\cmTC_d9c71.dir\CurlTests.c.obj /FdCMakeFiles\cmTC_d9c71.dir\ /FS -c F:\project\cppLarryWilliamsTrade\external\curl-7.82.0\CMake\CurlTests.c
FAILED: CMakeFiles/cmTC_d9c71.dir/CurlTests.c.obj 
D:\PROGRA~1\MICROS~1\2022\COMMUN~1\VC\Tools\MSVC\1443~1.348\bin\Hostx64\x64\cl.exe  /nologo   /DWIN32 /D_WINDOWS -DHAVE_BUILTIN_AVAILABLE  -DHAVE_WINDOWS_H -DHAVE_WS2TCPIP_H -DHAVE_WINSOCK2_H -DHAVE_WINCRYPT_H -DHAVE_STDIO_H -DHAVE_SYS_STAT_H -DHAVE_SYS_TYPES_H -DHAVE_SYS_UTIME_H -DHAVE_ASSERT_H -DHAVE_ERRNO_H -DHAVE_FCNTL_H -DHAVE_IO_H -DHAVE_LOCALE_H -DHAVE_SETJMP_H -DHAVE_SIGNAL_H -DHAVE_STDBOOL_H -DHAVE_STDIO_H -DHAVE_STDLIB_H -DHAVE_STRING_H -DHAVE_TIME_H -DHAVE_PROCESS_H -DHAVE_STDDEF_H -DHAVE_MALLOC_H -DHAVE_MEMORY_H /Zi /Ob0 /Od /RTC1 -MDd /showIncludes /FoCMakeFiles\cmTC_d9c71.dir\CurlTests.c.obj /FdCMakeFiles\cmTC_d9c71.dir\ /FS -c F:\project\cppLarryWilliamsTrade\external\curl-7.82.0\CMake\CurlTests.c
F:\project\cppLarryWilliamsTrade\external\curl-7.82.0\CMake\CurlTests.c(467): error C2065: “macOS”: 未声明的标识符
F:\project\cppLarryWilliamsTrade\external\curl-7.82.0\CMake\CurlTests.c(467): error C2143: 语法错误: 缺少“)”(在“常数”的前面)
F:\project\cppLarryWilliamsTrade\external\curl-7.82.0\CMake\CurlTests.c(467): error C2059: 语法错误:“)”
F:\project\cppLarryWilliamsTrade\external\curl-7.82.0\CMake\CurlTests.c(467): error C2059: 语法错误:“)”
ninja: build stopped: subcommand failed.


